<?xml version="1.0" encoding="UTF-8"?>
<testng-results ignored="0" total="1" passed="1" failed="0" skipped="0">
  <reporter-output>
  </reporter-output>
  <suite started-at="2022-09-14T23:44:20 IST" name="Default suite" finished-at="2022-09-14T23:45:05 IST" duration-ms="44469">
    <groups>
    </groups>
    <test started-at="2022-09-14T23:44:20 IST" name="Default test" finished-at="2022-09-14T23:45:05 IST" duration-ms="44469">
      <class name="dynamicXpath.Test1">
        <test-method signature="tc1()[pri:0, instance:dynamicXpath.Test1@6d2a209c]" started-at="2022-09-14T23:44:20 IST" name="tc1" finished-at="2022-09-14T23:45:05 IST" duration-ms="44388" status="PASS">
          <reporter-output>
          </reporter-output>
        </test-method> <!-- tc1 -->
      </class> <!-- dynamicXpath.Test1 -->
    </test> <!-- Default test -->
  </suite> <!-- Default suite -->
</testng-results>
